<?xml version="1.0" encoding="UTF-8"?>
<!-- Generated by org.testng.reporters.JUnitReportReporter -->
<testsuite hostname="ATMECSINLT-429" name="com.ui.automation.testscript.TestSearchingforProduct" tests="1" failures="0" timestamp="22 Apr 2020 11:44:16 GMT" time="118.247" errors="0">
  <testcase name="Logintowebsite" time="118.247" classname="com.ui.automation.testscript.TestSearchingforProduct"/>
</testsuite> <!-- com.ui.automation.testscript.TestSearchingforProduct -->
