<?xml version="1.0" encoding="UTF-8"?>
<!-- Generated by org.testng.reporters.JUnitReportReporter -->
<testsuite hostname="ATMECSINLT-429" name="com.FalconUI.Maven.falcontraining.testscript.SampleTestScript" tests="1" failures="0" timestamp="16 Mar 2020 11:49:04 GMT" time="33.672" errors="0">
  <testcase name="sampleTest" time="33.672" classname="com.FalconUI.Maven.falcontraining.testscript.SampleTestScript"/>
</testsuite> <!-- com.FalconUI.Maven.falcontraining.testscript.SampleTestScript -->
