<?xml version="1.0" encoding="UTF-8"?>
<!-- Generated by org.testng.reporters.JUnitReportReporter -->
<testsuite hostname="ATMECSINLT-429" name="com.ui.automation.testscript.TestHotSauces" tests="1" failures="0" timestamp="23 Apr 2020 17:05:16 GMT" time="106.772" errors="0">
  <testcase name="placeNewlyArrived" time="106.772" classname="com.ui.automation.testscript.TestHotSauces"/>
</testsuite> <!-- com.ui.automation.testscript.TestHotSauces -->
