<?xml version="1.0" encoding="UTF-8"?>
<!-- Generated by org.testng.reporters.JUnitReportReporter -->
<testsuite hostname="ATMECSINLT-429" name="com.ui.automation.testscript.TestDashboard" tests="1" failures="0" timestamp="17 Mar 2020 14:24:29 GMT" time="48.303" errors="0">
  <testcase name="makeactionOnGooglepage" time="48.303" classname="com.ui.automation.testscript.TestDashboard"/>
</testsuite> <!-- com.ui.automation.testscript.TestDashboard -->
