<?xml version="1.0" encoding="UTF-8"?>
<!-- Generated by org.testng.reporters.JUnitReportReporter -->
<testsuite hostname="ATMECSINLT-429" name="com.ui.automation.testscript.TestGoogle" tests="1" failures="0" timestamp="18 Mar 2020 14:23:18 GMT" time="74.033" errors="0">
  <testcase name="LogintoIndigo" time="74.033" classname="com.ui.automation.testscript.TestGoogle"/>
</testsuite> <!-- com.ui.automation.testscript.TestGoogle -->
